<?xml version="1.0" encoding="UTF-8"?>
<testng-results ignored="0" total="1" passed="1" failed="0" skipped="0">
  <reporter-output>
  </reporter-output>
  <suite started-at="2024-03-28T20:47:10 IST" name="Default suite" finished-at="2024-03-28T20:47:29 IST" duration-ms="18482">
    <groups>
    </groups>
    <test started-at="2024-03-28T20:47:10 IST" name="Default test" finished-at="2024-03-28T20:47:29 IST" duration-ms="18482">
      <class name="beautify.LaunchLakme_Test">
        <test-method signature="lakme()[pri:0, instance:beautify.LaunchLakme_Test@635eaaf1]" started-at="2024-03-28T20:47:10 IST" name="lakme" finished-at="2024-03-28T20:47:29 IST" duration-ms="18402" status="PASS">
          <reporter-output>
          </reporter-output>
        </test-method> <!-- lakme -->
      </class> <!-- beautify.LaunchLakme_Test -->
    </test> <!-- Default test -->
  </suite> <!-- Default suite -->
</testng-results>
